05-11-2018 @ 18:24:08 - 
====Stripe Version: 4.1.3====
====Start Log====
Keys are not set correctly.
====End Log====


05-14-2018 @ 00:07:45 - 
====Stripe Version: 4.1.3====
====Start Log====
Keys are not set correctly.
====End Log====


05-14-2018 @ 00:08:25 - 
====Stripe Version: 4.1.3====
====Start Log====
Keys are not set correctly.
====End Log====


05-14-2018 @ 00:16:56 - 
====Stripe Version: 4.1.3====
====Start Log====
Keys are not set correctly.
====End Log====


05-14-2018 @ 00:17:25 - 
====Stripe Version: 4.1.3====
====Start Log====
Keys are not set correctly.
====End Log====


05-14-2018 @ 00:18:18 - 
====Stripe Version: 4.1.3====
====Start Log====
Keys are not set correctly.
====End Log====


05-14-2018 @ 00:18:33 - 
====Stripe Version: 4.1.3====
====Start Log====
Keys are not set correctly.
====End Log====


05-14-2018 @ 00:18:46 - 
====Stripe Version: 4.1.3====
====Start Log====
Keys are not set correctly.
====End Log====


05-14-2018 @ 00:18:57 - 
====Stripe Version: 4.1.3====
====Start Log====
Keys are not set correctly.
====End Log====


05-17-2018 @ 20:25:13 - 
====Stripe Version: 4.1.3====
====Start Log====
Keys are not set correctly.
====End Log====


05-17-2018 @ 20:25:56 - 
====Stripe Version: 4.1.3====
====Start Log====
Keys are not set correctly.
====End Log====


05-17-2018 @ 20:26:14 - 
====Stripe Version: 4.1.3====
====Start Log====
Keys are not set correctly.
====End Log====


